👔 CEO Coordination Center initialized
🎯 Mode: AUTONOMOUS_24_7
⚡ Rule #1: Never stop, never ask for help

🔧 Initializing CEO systems...

🐾 ClawCommand Engine initialized
✅ Database connected
✅ Database tables created
🔌 Connecting to OpenClaw Gateway: ws://127.0.0.1:18789
✅ Connected to OpenClaw Gateway
⏰ Heartbeat scheduler started (900s interval)
✅ ClawCommand Engine running
✅ Engine ready
📡 Channel Monitor initialized - CEO Hexa Labs
🚀 Starting autonomous channel monitoring...
[2026-03-22T10:45:09.409Z] 🔍 Scanning channels...
  📥 Scanning #ideation (1475146997471121563)
  📥 Scanning #learnings (1474796770289778708)
  📥 Scanning #cortex (1476172344333701220)
✅ Monitor active - checking every 300s
✅ Channel monitor active
🤖 Synthetic Client initialized (maxConcurrent: 2)
   Direct API: api.synthetic.new
✅ Synthetic client connected

📥 Importing data...

📊 Importing projects from ideation-pipeline-board...
✅ Imported 4 projects
💡 Importing ideas from learnings...
✅ Imported 3 ideas
📊 Imported 4 projects
💡 Imported 3 ideas

🤖 Starting autonomous operations...

[2026-03-22T10:45:09.410Z] 🚀 CEO: Executing pending projects...
  📋 Executing: ATLegalAI
    🤖 Generating tasks for ATLegalAI...
📤 API request syn_1774176309410_w5fr9na8x sent to api.synthetic.new
[2026-03-22T10:45:09.422Z}] 💡 CEO: Processing new ideas...
  🔥 High priority idea: Implementar auto-healing nos agentes
  ✅ Converted to project: Implementar auto-healing nos agentes
  🔥 High priority idea: Melhorar connection pooling
✅ All autonomous loops started


🚀 CEO Center fully operational


✅ CEO Center operational
⚠️ OpenClaw Gateway disconnected

📊 CEO Status: {
  "title": "CEO Hexa Labs",
  "mode": "AUTONOMOUS_24_7",
  "operational": true,
  "metrics": {
    "projectsCompleted": 0,
    "tasksExecuted": 0,
    "uptime": 0,
    "lastDecision": null
  },
  "projects": 5,
  "uptime": 5.10665375
}
✅ Synthetic request syn_1774176309410_w5fr9na8x completed in 7011ms
      ⚡ Executing: Phase 1: Setup
🔌 Connecting to OpenClaw Gateway: ws://127.0.0.1:18789
✅ Connected to OpenClaw Gateway
      ✅ Done: Phase 1: Setup
      ⚡ Executing: Phase 2: Development
⚠️ OpenClaw Gateway disconnected
      ✅ Done: Phase 2: Development
      ⚡ Executing: Phase 3: Testing
      ✅ Done: Phase 3: Testing
      ⚡ Executing: Phase 4: Deployment
      ✅ Done: Phase 4: Deployment
      ⚡ Executing: Phase 5: Review
      ✅ Done: Phase 5: Review
  ✅ Completed: ATLegalAI
  📋 Executing: ATDocGenAI
    🤖 Generating tasks for ATDocGenAI...
📤 API request syn_1774176324774_hg1ggk0zr sent to api.synthetic.new
🔌 Connecting to OpenClaw Gateway: ws://127.0.0.1:18789
✅ Connected to OpenClaw Gateway
⚠️ OpenClaw Gateway disconnected
