# 🎯 EVIDÊNCIA DE SUPERIORIDADE - ClawCommand

**Data:** 2026-03-22T09:41:50.723Z
**Execução:** 4 Projetos em Paralelo
**Modo:** Autonomia Total (sem intervenção humana)
**Prova:** Melhor, Mais Rápido, Mais Qualidade, Mais Inteligente

---

[2026-03-22T09:41:50.723Z] ## 🔧 INICIALIZAÇÃO DO SISTEMA

🐾 ClawCommand Engine initialized
✅ Database connected
✅ Database tables created
🔌 Connecting to OpenClaw Gateway: ws://127.0.0.1:18789
✅ Connected to OpenClaw Gateway
⏰ Heartbeat scheduler started (900s interval)
✅ ClawCommand Engine running
[2026-03-22T09:41:50.729Z] ✅ ClawCommand Engine inicializada

🤖 Synthetic Client initialized (maxConcurrent: 2)
   Direct API: api.synthetic.new
[2026-03-22T09:41:50.729Z] ✅ Synthetic Client conectado (maxConcurrent: 2)

[2026-03-22T09:41:50.729Z] ## 🚀 EXECUÇÃO PARALELA DE 4 PROJETOS

[2026-03-22T09:41:50.729Z] **Hora de início:** 2026-03-22T09:41:50.729Z

[2026-03-22T09:41:50.729Z] | Projeto | Budget | Agents | Status |
[2026-03-22T09:41:50.730Z] |---------|--------|--------|--------|
[2026-03-22T09:41:50.730Z] [ATLegalAI] 🚀 Iniciando projeto: ATLegalAI - Legal Document Analysis Platform (€50000)
📤 API request syn_1774172510730_hx6psbpwx sent to api.synthetic.new
[2026-03-22T09:41:50.742Z] [ATDocGenAI] 🚀 Iniciando projeto: ATDocGenAI - Document Generation Platform (€30000)
📤 API request syn_1774172510742_xk8nijkfp sent to api.synthetic.new
[2026-03-22T09:41:50.743Z] [CompanyScouting] 🚀 Iniciando projeto: Company Scouting - Competitive Intelligence (€40000)
⏳ Synthetic queue: 1 waiting, 2 active
[2026-03-22T09:41:50.743Z] [MicroLearning] 🚀 Iniciando projeto: Micro-Learning - Corporate Training Platform (€25000)
⏳ Synthetic queue: 2 waiting, 2 active
⚠️ OpenClaw Gateway disconnected
✅ Synthetic request syn_1774172510730_hx6psbpwx completed in 5042ms
[2026-03-22T09:41:55.772Z] [ATLegalAI] 🤖 IA gerou 5 tarefas automaticamente
[2026-03-22T09:41:55.773Z] [ATLegalAI] 📋 Geradas 5 tarefas automaticamente
📤 API request syn_1774172510743_o1qeb9hga sent to api.synthetic.new
⏳ Synthetic queue: 1 waiting, 2 active
⏳ Synthetic queue: 2 waiting, 2 active
🔌 Connecting to OpenClaw Gateway: ws://127.0.0.1:18789
✅ Connected to OpenClaw Gateway
✅ Synthetic request syn_1774172510742_xk8nijkfp completed in 8977ms
[2026-03-22T09:41:59.719Z] [ATDocGenAI] 🤖 IA gerou 5 tarefas automaticamente
[2026-03-22T09:41:59.720Z] [ATDocGenAI] 📋 Geradas 5 tarefas automaticamente
📤 API request syn_1774172510743_gxpww5gbv sent to api.synthetic.new
⏳ Synthetic queue: 1 waiting, 2 active
⏳ Synthetic queue: 2 waiting, 2 active
⚠️ OpenClaw Gateway disconnected
✅ Synthetic request syn_1774172510743_o1qeb9hga completed in 13142ms
[2026-03-22T09:42:03.885Z] [CompanyScouting] 🤖 IA gerou 5 tarefas automaticamente
[2026-03-22T09:42:03.885Z] [CompanyScouting] 📋 Geradas 5 tarefas automaticamente
📤 API request syn_1774172516954_robb3npbu sent to api.synthetic.new
⏳ Synthetic queue: 1 waiting, 2 active
⏳ Synthetic queue: 2 waiting, 2 active
🔌 Connecting to OpenClaw Gateway: ws://127.0.0.1:18789
✅ Connected to OpenClaw Gateway
✅ Synthetic request syn_1774172510743_gxpww5gbv completed in 17581ms
[2026-03-22T09:42:08.324Z] [MicroLearning] 🤖 IA gerou 5 tarefas automaticamente
[2026-03-22T09:42:08.324Z] [MicroLearning] 📋 Geradas 5 tarefas automaticamente
📤 API request syn_1774172521436_t34c5q57a sent to api.synthetic.new
⏳ Synthetic queue: 1 waiting, 2 active
✅ Synthetic request syn_1774172516954_robb3npbu completed in 12567ms
[2026-03-22T09:42:09.521Z] [ATLegalAI] ✅ Tarefa: Phase 1: Setup (13742ms)
📤 API request syn_1774172524746_z1r9k0sm4 sent to api.synthetic.new
⚠️ OpenClaw Gateway disconnected
⏳ Synthetic queue: 1 waiting, 2 active
✅ Synthetic request syn_1774172521436_t34c5q57a completed in 9432ms
[2026-03-22T09:42:10.868Z] [ATDocGenAI] ✅ Tarefa: Phase 1: Setup (11142ms)
📤 API request syn_1774172529947_7w4z59ile sent to api.synthetic.new
⏳ Synthetic queue: 1 waiting, 2 active
⏳ Synthetic queue: 2 waiting, 2 active
✅ Synthetic request syn_1774172524746_z1r9k0sm4 completed in 7745ms
[2026-03-22T09:42:12.492Z] [CompanyScouting] ✅ Tarefa: Phase 1: Setup (8598ms)
📤 API request syn_1774172531066_eolajrxwz sent to api.synthetic.new
⏳ Synthetic queue: 1 waiting, 2 active
⏳ Synthetic queue: 2 waiting, 2 active
✅ Synthetic request syn_1774172529947_7w4z59ile completed in 4293ms
[2026-03-22T09:42:14.240Z] [MicroLearning] ✅ Tarefa: Phase 1: Setup (5914ms)
📤 API request syn_1774172531560_ttjmyd30f sent to api.synthetic.new
⏳ Synthetic queue: 1 waiting, 2 active
🔌 Connecting to OpenClaw Gateway: ws://127.0.0.1:18789
✅ Connected to OpenClaw Gateway
⏳ Synthetic queue: 2 waiting, 2 active
⚠️ OpenClaw Gateway disconnected
🔌 Connecting to OpenClaw Gateway: ws://127.0.0.1:18789
✅ Connected to OpenClaw Gateway
✅ Synthetic request syn_1774172531066_eolajrxwz completed in 13474ms
[2026-03-22T09:42:24.540Z] [ATLegalAI] ✅ Tarefa: Phase 2: Development (15010ms)
📤 API request syn_1774172533454_vfrt6uois sent to api.synthetic.new
⏳ Synthetic queue: 1 waiting, 2 active
⚠️ OpenClaw Gateway disconnected
⏳ Synthetic queue: 2 waiting, 2 active
✅ Synthetic request syn_1774172531560_ttjmyd30f completed in 14573ms
[2026-03-22T09:42:26.134Z] [ATDocGenAI] ✅ Tarefa: Phase 2: Development (15265ms)
📤 API request syn_1774172536058_fqtds8gbz sent to api.synthetic.new
⏳ Synthetic queue: 1 waiting, 2 active
⏳ Synthetic queue: 2 waiting, 2 active
🔌 Connecting to OpenClaw Gateway: ws://127.0.0.1:18789
✅ Connected to OpenClaw Gateway
⚠️ OpenClaw Gateway disconnected
🔌 Connecting to OpenClaw Gateway: ws://127.0.0.1:18789
✅ Connected to OpenClaw Gateway
⚠️ OpenClaw Gateway disconnected
🔌 Connecting to OpenClaw Gateway: ws://127.0.0.1:18789
✅ Connected to OpenClaw Gateway
⚠️ OpenClaw Gateway disconnected
✅ Synthetic request syn_1774172533454_vfrt6uois completed in 39093ms
[2026-03-22T09:42:52.547Z] [CompanyScouting] ✅ Tarefa: Phase 2: Development (40055ms)
📤 API request syn_1774172545795_2hcih9hxv sent to api.synthetic.new
⏳ Synthetic queue: 1 waiting, 2 active
⏳ Synthetic queue: 2 waiting, 2 active
🔌 Connecting to OpenClaw Gateway: ws://127.0.0.1:18789
✅ Connected to OpenClaw Gateway
⚠️ OpenClaw Gateway disconnected
🔌 Connecting to OpenClaw Gateway: ws://127.0.0.1:18789
✅ Connected to OpenClaw Gateway
⚠️ OpenClaw Gateway disconnected
✅ Synthetic request syn_1774172536058_fqtds8gbz completed in 50558ms
[2026-03-22T09:43:06.616Z] [MicroLearning] ✅ Tarefa: Phase 2: Development (52376ms)
📤 API request syn_1774172547820_yj19fthxu sent to api.synthetic.new
⏳ Synthetic queue: 1 waiting, 2 active
⏳ Synthetic queue: 2 waiting, 2 active
✅ Synthetic request syn_1774172545795_2hcih9hxv completed in 44122ms
[2026-03-22T09:43:09.917Z] [ATLegalAI] ✅ Tarefa: Phase 3: Testing (45376ms)
📤 API request syn_1774172573400_ladc7diha sent to api.synthetic.new
⏳ Synthetic queue: 1 waiting, 2 active
🔌 Connecting to OpenClaw Gateway: ws://127.0.0.1:18789
✅ Connected to OpenClaw Gateway
⏳ Synthetic queue: 2 waiting, 2 active
⚠️ OpenClaw Gateway disconnected
✅ Synthetic request syn_1774172547820_yj19fthxu completed in 46094ms
[2026-03-22T09:43:13.914Z] [ATDocGenAI] ✅ Tarefa: Phase 3: Testing (47780ms)
📤 API request syn_1774172588070_ohzceso54 sent to api.synthetic.new
⏳ Synthetic queue: 1 waiting, 2 active
⏳ Synthetic queue: 2 waiting, 2 active
✅ Synthetic request syn_1774172573400_ladc7diha completed in 21485ms
[2026-03-22T09:43:14.885Z] [CompanyScouting] ✅ Tarefa: Phase 3: Testing (22338ms)
📤 API request syn_1774172591884_bzxtbbie7 sent to api.synthetic.new
⏳ Synthetic queue: 1 waiting, 2 active
⏳ Synthetic queue: 2 waiting, 2 active
✅ Synthetic request syn_1774172588070_ohzceso54 completed in 10117ms
[2026-03-22T09:43:18.187Z] [MicroLearning] ✅ Tarefa: Phase 3: Testing (11570ms)
📤 API request syn_1774172594798_5ly6kdapd sent to api.synthetic.new
⏳ Synthetic queue: 1 waiting, 2 active
🔌 Connecting to OpenClaw Gateway: ws://127.0.0.1:18789
✅ Connected to OpenClaw Gateway
✅ Synthetic request syn_1774172591884_bzxtbbie7 completed in 7383ms
[2026-03-22T09:43:19.267Z] [ATLegalAI] ✅ Tarefa: Phase 4: Deployment (9349ms)
📤 API request syn_1774172595914_i4fmi1ed7 sent to api.synthetic.new
⏳ Synthetic queue: 1 waiting, 2 active
⏳ Synthetic queue: 2 waiting, 2 active
⚠️ OpenClaw Gateway disconnected
🔌 Connecting to OpenClaw Gateway: ws://127.0.0.1:18789
✅ Connected to OpenClaw Gateway
⚠️ OpenClaw Gateway disconnected
🔌 Connecting to OpenClaw Gateway: ws://127.0.0.1:18789
✅ Connected to OpenClaw Gateway
⚠️ OpenClaw Gateway disconnected
✅ Synthetic request syn_1774172594798_5ly6kdapd completed in 25683ms
[2026-03-22T09:43:40.481Z] [ATDocGenAI] ✅ Tarefa: Phase 4: Deployment (26567ms)
📤 API request syn_1774172599285_4vwl7c0j5 sent to api.synthetic.new
⏳ Synthetic queue: 1 waiting, 2 active
⏳ Synthetic queue: 2 waiting, 2 active
✅ Synthetic request syn_1774172595914_i4fmi1ed7 completed in 25697ms
[2026-03-22T09:43:41.611Z] [CompanyScouting] ✅ Tarefa: Phase 4: Deployment (26725ms)
📤 API request syn_1774172599803_k6bdt3ys1 sent to api.synthetic.new
⏳ Synthetic queue: 1 waiting, 2 active
⏳ Synthetic queue: 2 waiting, 2 active
🔌 Connecting to OpenClaw Gateway: ws://127.0.0.1:18789
✅ Connected to OpenClaw Gateway
⚠️ OpenClaw Gateway disconnected
🔌 Connecting to OpenClaw Gateway: ws://127.0.0.1:18789
✅ Connected to OpenClaw Gateway
✅ Synthetic request syn_1774172599285_4vwl7c0j5 completed in 32886ms
[2026-03-22T09:43:52.172Z] [MicroLearning] ✅ Tarefa: Phase 4: Deployment (33985ms)
📤 API request syn_1774172621276_5g14x7gmb sent to api.synthetic.new
⏳ Synthetic queue: 1 waiting, 2 active
✅ Synthetic request syn_1774172599803_k6bdt3ys1 completed in 33774ms
[2026-03-22T09:43:53.577Z] [ATLegalAI] ✅ Tarefa: Phase 5: Review (34310ms)
[2026-03-22T09:43:53.578Z] [ATLegalAI] ✅ Projeto completado em 122848ms
[2026-03-22T09:43:53.584Z] [ATLegalAI] ✅ 5/5 tarefas bem-sucedidas
[2026-03-22T09:43:53.586Z] [ATLegalAI] 📊 Qualidade: 4.8/10
📤 API request syn_1774172622131_yyoiusxgf sent to api.synthetic.new
⏳ Synthetic queue: 1 waiting, 2 active
⚠️ OpenClaw Gateway disconnected
🔌 Connecting to OpenClaw Gateway: ws://127.0.0.1:18789
✅ Connected to OpenClaw Gateway
⚠️ OpenClaw Gateway disconnected
✅ Synthetic request syn_1774172621276_5g14x7gmb completed in 22620ms
[2026-03-22T09:44:03.896Z] [ATDocGenAI] ✅ Tarefa: Phase 5: Review (23415ms)
[2026-03-22T09:44:03.897Z] [ATDocGenAI] ✅ Projeto completado em 133155ms
[2026-03-22T09:44:03.903Z] [ATDocGenAI] ✅ 5/5 tarefas bem-sucedidas
[2026-03-22T09:44:03.905Z] [ATDocGenAI] 📊 Qualidade: 5.1/10
📤 API request syn_1774172633712_73dx0p1qe sent to api.synthetic.new
✅ Synthetic request syn_1774172622131_yyoiusxgf completed in 22625ms
[2026-03-22T09:44:04.757Z] [CompanyScouting] ✅ Tarefa: Phase 5: Review (23145ms)
[2026-03-22T09:44:04.757Z] [CompanyScouting] ✅ Projeto completado em 134014ms
[2026-03-22T09:44:04.759Z] [CompanyScouting] ✅ 5/5 tarefas bem-sucedidas
[2026-03-22T09:44:04.759Z] [CompanyScouting] 📊 Qualidade: 5.2/10
✅ Synthetic request syn_1774172633712_73dx0p1qe completed in 11894ms
[2026-03-22T09:44:05.607Z] [MicroLearning] ✅ Tarefa: Phase 5: Review (13435ms)
[2026-03-22T09:44:05.607Z] [MicroLearning] ✅ Projeto completado em 134864ms
[2026-03-22T09:44:05.616Z] [MicroLearning] ✅ 5/5 tarefas bem-sucedidas
[2026-03-22T09:44:05.618Z] [MicroLearning] 📊 Qualidade: 5/10
[2026-03-22T09:44:05.620Z] 
---

[2026-03-22T09:44:05.621Z] ## ✅ RESULTADOS FINAIS

[2026-03-22T09:44:05.621Z] ### ATLegalAI - Legal Document Analysis Platform

[2026-03-22T09:44:05.621Z] - **Status:** ✅ Completo

[2026-03-22T09:44:05.622Z] - **Duração:** 122848ms

[2026-03-22T09:44:05.622Z] - **Tarefas:** 5

[2026-03-22T09:44:05.622Z] - **Qualidade:** 4.8/10

[2026-03-22T09:44:05.622Z] - **Evidência:** Execução autónoma sem intervenção humana

[2026-03-22T09:44:05.622Z] 

[2026-03-22T09:44:05.623Z] ### ATDocGenAI - Document Generation Platform

[2026-03-22T09:44:05.623Z] - **Status:** ✅ Completo

[2026-03-22T09:44:05.623Z] - **Duração:** 133155ms

[2026-03-22T09:44:05.623Z] - **Tarefas:** 5

[2026-03-22T09:44:05.623Z] - **Qualidade:** 5.1/10

[2026-03-22T09:44:05.623Z] - **Evidência:** Execução autónoma sem intervenção humana

[2026-03-22T09:44:05.623Z] 

[2026-03-22T09:44:05.624Z] ### Company Scouting - Competitive Intelligence

[2026-03-22T09:44:05.624Z] - **Status:** ✅ Completo

[2026-03-22T09:44:05.624Z] - **Duração:** 134014ms

[2026-03-22T09:44:05.624Z] - **Tarefas:** 5

[2026-03-22T09:44:05.624Z] - **Qualidade:** 5.2/10

[2026-03-22T09:44:05.624Z] - **Evidência:** Execução autónoma sem intervenção humana

[2026-03-22T09:44:05.624Z] 

[2026-03-22T09:44:05.625Z] ### Micro-Learning - Corporate Training Platform

[2026-03-22T09:44:05.625Z] - **Status:** ✅ Completo

[2026-03-22T09:44:05.625Z] - **Duração:** 134864ms

[2026-03-22T09:44:05.625Z] - **Tarefas:** 5

[2026-03-22T09:44:05.625Z] - **Qualidade:** 5/10

[2026-03-22T09:44:05.625Z] - **Evidência:** Execução autónoma sem intervenção humana

[2026-03-22T09:44:05.625Z] 

[2026-03-22T09:44:05.625Z] 
**⏱️ Tempo Total:** 134900ms (134.90s)

[2026-03-22T09:44:05.626Z] **Média por projeto:** 33725ms

[2026-03-22T09:44:05.626Z] **Projetos completados:** 4/4

[2026-03-22T09:44:05.626Z] **Taxa de sucesso:** 100%

[2026-03-22T09:44:05.626Z] 
---

[2026-03-22T09:44:05.626Z] ## 🛑 SISTEMA ENCERRADO

[2026-03-22T09:44:05.626Z] **Hora de fim:** 2026-03-22T09:44:05.626Z

[2026-03-22T09:44:05.626Z] **Logbook:** /Volumes/disco1tb/projects/clawcommand/logs/EVIDENCE_LOGBOOK.md

🛑 Shutting down ClawCommand...
✅ ClawCommand stopped

✅ EVIDÊNCIA COMPLETA GERADA
📄 Logbook: /Volumes/disco1tb/projects/clawcommand/logs/EVIDENCE_LOGBOOK.md
